
RAxML-NG v. 0.9.0 released on 20.05.2019 by The Exelixis Lab.
Developed by: Alexey M. Kozlov and Alexandros Stamatakis.
Contributors: Diego Darriba, Tomas Flouri, Benoit Morel, Sarah Lutteropp, Ben Bettisworth.
Latest version: https://github.com/amkozlov/raxml-ng
Questions/problems/suggestions? Please visit: https://groups.google.com/forum/#!forum/raxml

RAxML-NG was called at 18-Jan-2021 20:44:24 as follows:

raxml-ng --model GTR+G6+FO+IO --msa /home/azhukova/projects/HIV1-CRF19_Cuba/data/datasets/G_CRF_19/aln.first.cleaned.fa --msa-format FASTA --data-type DNA --seed 239 --threads 4 --force --tree pars{5}

Analysis options:
  run mode: ML tree search
  start tree(s): parsimony (5)
  random seed: 239
  tip-inner: OFF
  pattern compression: ON
  per-rate scalers: OFF
  site repeats: ON
  fast spr radius: AUTO
  spr subtree cutoff: 1.000000
  branch lengths: proportional (ML estimate, algorithm: NR-FAST)
  SIMD kernels: AVX2
  parallelization: PTHREADS (4 threads), thread pinning: OFF

WARNING: Running in FORCE mode: all safety checks are disabled!

[00:00:00] Reading alignment from file: /home/azhukova/projects/HIV1-CRF19_Cuba/data/datasets/G_CRF_19/aln.first.cleaned.fa
[00:00:00] Loaded alignment with 89 taxa and 1848 sites

Alignment comprises 1 partitions and 1071 patterns

Partition 0: noname
Model: GTR+FO+I+G6m
Alignment sites / patterns: 1848 / 1071
Gaps: 3.20 %
Invariant sites: 42.80 %


NOTE: Binary MSA file created: /home/azhukova/projects/HIV1-CRF19_Cuba/data/datasets/G_CRF_19/aln.first.cleaned.fa.raxml.rba

[00:00:00] Generating 5 parsimony starting tree(s) with 89 taxa
[00:00:00] Data distribution: max. partitions/sites/weight per thread: 1 / 268 / 6432

Starting ML tree search with 5 distinct starting trees

[00:00:00 -36730.295288] Initial branch length optimization
[00:00:00 -34201.170495] Model parameter optimization (eps = 10.000000)
[00:00:00 -32488.859428] AUTODETECT spr round 1 (radius: 5)
[00:00:01 -32373.684607] AUTODETECT spr round 2 (radius: 10)
[00:00:02 -32373.666230] SPR radius for FAST iterations: 5 (autodetect)
[00:00:02 -32373.666230] Model parameter optimization (eps = 3.000000)
[00:00:02 -32371.372901] FAST spr round 1 (radius: 5)
[00:00:03 -32349.194339] FAST spr round 2 (radius: 5)
[00:00:04 -32341.412107] FAST spr round 3 (radius: 5)
[00:00:04 -32338.714898] FAST spr round 4 (radius: 5)
[00:00:05 -32328.975561] FAST spr round 5 (radius: 5)
[00:00:06 -32328.295740] FAST spr round 6 (radius: 5)
[00:00:07 -32327.707858] FAST spr round 7 (radius: 5)
[00:00:08 -32327.466840] FAST spr round 8 (radius: 5)
[00:00:09 -32327.358882] FAST spr round 9 (radius: 5)
[00:00:10 -32327.275011] Model parameter optimization (eps = 1.000000)
[00:00:10 -32326.567469] SLOW spr round 1 (radius: 5)
[00:00:13 -32321.649007] SLOW spr round 2 (radius: 5)
[00:00:16 -32321.170910] SLOW spr round 3 (radius: 5)
[00:00:18 -32318.166877] SLOW spr round 4 (radius: 5)
[00:00:21 -32317.540001] SLOW spr round 5 (radius: 5)
[00:00:24 -32317.537179] SLOW spr round 6 (radius: 10)
[00:00:26 -32311.769523] SLOW spr round 7 (radius: 5)
[00:00:30 -32302.139141] SLOW spr round 8 (radius: 5)
[00:00:33 -32302.138822] SLOW spr round 9 (radius: 10)
[00:00:36 -32302.138785] SLOW spr round 10 (radius: 15)
[00:00:39 -32302.138774] SLOW spr round 11 (radius: 20)
[00:00:40 -32302.138770] SLOW spr round 12 (radius: 25)
[00:00:40 -32302.138769] Model parameter optimization (eps = 0.100000)

[00:00:41] ML tree search #1, logLikelihood: -32301.657519

[00:00:41 -36805.001587] Initial branch length optimization
[00:00:41 -34310.116807] Model parameter optimization (eps = 10.000000)
[00:00:41 -32570.717775] AUTODETECT spr round 1 (radius: 5)
[00:00:42 -32353.666400] AUTODETECT spr round 2 (radius: 10)
[00:00:43 -32353.646181] SPR radius for FAST iterations: 5 (autodetect)
[00:00:43 -32353.646181] Model parameter optimization (eps = 3.000000)
[00:00:43 -32352.116317] FAST spr round 1 (radius: 5)
[00:00:44 -32345.011877] FAST spr round 2 (radius: 5)
[00:00:45 -32341.203314] FAST spr round 3 (radius: 5)
[00:00:46 -32331.255107] FAST spr round 4 (radius: 5)
[00:00:47 -32328.093583] FAST spr round 5 (radius: 5)
[00:00:48 -32326.916196] FAST spr round 6 (radius: 5)
[00:00:48 -32326.121749] FAST spr round 7 (radius: 5)
[00:00:49 -32325.431511] FAST spr round 8 (radius: 5)
[00:00:50 -32324.838293] FAST spr round 9 (radius: 5)
[00:00:51 -32324.323031] FAST spr round 10 (radius: 5)
[00:00:52 -32324.160366] FAST spr round 11 (radius: 5)
[00:00:53 -32324.092150] Model parameter optimization (eps = 1.000000)
[00:00:53 -32322.474855] SLOW spr round 1 (radius: 5)
[00:00:56 -32309.856829] SLOW spr round 2 (radius: 5)
[00:00:59 -32308.816788] SLOW spr round 3 (radius: 5)
[00:01:02 -32308.709073] SLOW spr round 4 (radius: 5)
[00:01:04 -32308.708642] SLOW spr round 5 (radius: 10)
[00:01:07 -32306.992190] SLOW spr round 6 (radius: 5)
[00:01:11 -32306.944877] SLOW spr round 7 (radius: 10)
[00:01:14 -32306.942252] SLOW spr round 8 (radius: 15)
[00:01:17 -32306.941513] SLOW spr round 9 (radius: 20)
[00:01:18 -32306.941306] SLOW spr round 10 (radius: 25)
[00:01:18 -32306.941248] Model parameter optimization (eps = 0.100000)

[00:01:18] ML tree search #2, logLikelihood: -32306.517079

[00:01:18 -36711.575438] Initial branch length optimization
[00:01:18 -34264.288098] Model parameter optimization (eps = 10.000000)
[00:01:19 -32537.334956] AUTODETECT spr round 1 (radius: 5)
[00:01:20 -32341.866707] AUTODETECT spr round 2 (radius: 10)
[00:01:22 -32331.572785] AUTODETECT spr round 3 (radius: 15)
[00:01:23 -32331.550084] SPR radius for FAST iterations: 10 (autodetect)
[00:01:23 -32331.550084] Model parameter optimization (eps = 3.000000)
[00:01:23 -32329.145535] FAST spr round 1 (radius: 10)
[00:01:24 -32317.895225] FAST spr round 2 (radius: 10)
[00:01:26 -32314.116042] FAST spr round 3 (radius: 10)
[00:01:27 -32313.385210] FAST spr round 4 (radius: 10)
[00:01:28 -32312.895962] FAST spr round 5 (radius: 10)
[00:01:29 -32312.819775] Model parameter optimization (eps = 1.000000)
[00:01:30 -32311.009760] SLOW spr round 1 (radius: 5)
[00:01:33 -32306.809914] SLOW spr round 2 (radius: 5)
[00:01:36 -32306.508683] SLOW spr round 3 (radius: 5)
[00:01:38 -32306.505727] SLOW spr round 4 (radius: 10)
[00:01:41 -32306.504855] SLOW spr round 5 (radius: 15)
[00:01:44 -32306.504590] SLOW spr round 6 (radius: 20)
[00:01:45 -32306.504510] SLOW spr round 7 (radius: 25)
[00:01:45 -32306.504486] Model parameter optimization (eps = 0.100000)

[00:01:46] ML tree search #3, logLikelihood: -32306.266007

[00:01:46 -36779.483412] Initial branch length optimization
[00:01:46 -34293.453452] Model parameter optimization (eps = 10.000000)
[00:01:47 -32578.664523] AUTODETECT spr round 1 (radius: 5)
[00:01:47 -32372.746592] AUTODETECT spr round 2 (radius: 10)
[00:01:48 -32361.613376] AUTODETECT spr round 3 (radius: 15)
[00:01:49 -32361.612714] SPR radius for FAST iterations: 10 (autodetect)
[00:01:49 -32361.612714] Model parameter optimization (eps = 3.000000)
[00:01:49 -32359.028133] FAST spr round 1 (radius: 10)
[00:01:50 -32326.931463] FAST spr round 2 (radius: 10)
[00:01:51 -32322.252828] FAST spr round 3 (radius: 10)
[00:01:52 -32318.192251] FAST spr round 4 (radius: 10)
[00:01:53 -32317.804989] FAST spr round 5 (radius: 10)
[00:01:54 -32317.802485] Model parameter optimization (eps = 1.000000)
[00:01:55 -32316.157367] SLOW spr round 1 (radius: 5)
[00:01:58 -32308.236506] SLOW spr round 2 (radius: 5)
[00:02:01 -32308.150124] SLOW spr round 3 (radius: 10)
[00:02:03 -32307.463704] SLOW spr round 4 (radius: 5)
[00:02:07 -32307.122658] SLOW spr round 5 (radius: 5)
[00:02:10 -32307.121934] SLOW spr round 6 (radius: 10)
[00:02:13 -32307.121714] SLOW spr round 7 (radius: 15)
[00:02:16 -32307.121645] SLOW spr round 8 (radius: 20)
[00:02:17 -32307.121624] SLOW spr round 9 (radius: 25)
[00:02:17 -32307.121617] Model parameter optimization (eps = 0.100000)

[00:02:18] ML tree search #4, logLikelihood: -32306.736190

[00:02:18 -36666.538729] Initial branch length optimization
[00:02:18 -34183.918604] Model parameter optimization (eps = 10.000000)
[00:02:18 -32454.100316] AUTODETECT spr round 1 (radius: 5)
[00:02:19 -32329.713827] AUTODETECT spr round 2 (radius: 10)
[00:02:20 -32329.687863] SPR radius for FAST iterations: 5 (autodetect)
[00:02:20 -32329.687863] Model parameter optimization (eps = 3.000000)
[00:02:21 -32327.777858] FAST spr round 1 (radius: 5)
[00:02:21 -32317.248946] FAST spr round 2 (radius: 5)
[00:02:22 -32312.240306] FAST spr round 3 (radius: 5)
[00:02:23 -32308.490724] FAST spr round 4 (radius: 5)
[00:02:24 -32305.113686] FAST spr round 5 (radius: 5)
[00:02:25 -32304.582145] FAST spr round 6 (radius: 5)
[00:02:26 -32304.232697] FAST spr round 7 (radius: 5)
[00:02:27 -32304.094503] FAST spr round 8 (radius: 5)
[00:02:28 -32304.092346] Model parameter optimization (eps = 1.000000)
[00:02:28 -32302.332041] SLOW spr round 1 (radius: 5)
[00:02:31 -32302.328644] SLOW spr round 2 (radius: 10)
[00:02:33 -32302.328505] SLOW spr round 3 (radius: 15)
[00:02:37 -32302.328464] SLOW spr round 4 (radius: 20)
[00:02:38 -32302.328451] SLOW spr round 5 (radius: 25)
[00:02:38 -32302.328447] Model parameter optimization (eps = 0.100000)

[00:02:38] ML tree search #5, logLikelihood: -32302.076594


Optimized model parameters:

   Partition 0: noname
   Rate heterogeneity: GAMMA (6 cats, mean),  alpha: 0.612253 (ML),  weights&rates: (0.166667,0.028213) (0.166667,0.153767) (0.166667,0.380009) (0.166667,0.746474) (0.166667,1.386954) (0.166667,3.304582) 
   P-inv (ML): 0.286054
   Base frequencies (ML): 0.372703 0.156982 0.239571 0.230744 
   Substitution rates (ML): 2.190391 4.070228 0.725863 0.912973 5.708414 1.000000 


Final LogLikelihood: -32301.657519

AIC score: 64973.315037 / AICc score: 65014.722979 / BIC score: 65994.858999
Free parameters (model + branch lengths): 185

Best ML tree saved to: /home/azhukova/projects/HIV1-CRF19_Cuba/data/datasets/G_CRF_19/aln.first.cleaned.fa.raxml.bestTree
All ML trees saved to: /home/azhukova/projects/HIV1-CRF19_Cuba/data/datasets/G_CRF_19/aln.first.cleaned.fa.raxml.mlTrees
Optimized model saved to: /home/azhukova/projects/HIV1-CRF19_Cuba/data/datasets/G_CRF_19/aln.first.cleaned.fa.raxml.bestModel

Execution log saved to: /home/azhukova/projects/HIV1-CRF19_Cuba/data/datasets/G_CRF_19/aln.first.cleaned.fa.raxml.log

Analysis started: 18-Jan-2021 20:44:24 / finished: 18-Jan-2021 20:47:03

Elapsed time: 158.873 seconds

