
RAxML-NG v. 0.9.0 released on 20.05.2019 by The Exelixis Lab.
Developed by: Alexey M. Kozlov and Alexandros Stamatakis.
Contributors: Diego Darriba, Tomas Flouri, Benoit Morel, Sarah Lutteropp, Ben Bettisworth.
Latest version: https://github.com/amkozlov/raxml-ng
Questions/problems/suggestions? Please visit: https://groups.google.com/forum/#!forum/raxml

RAxML-NG was called at 18-Jan-2021 15:29:01 as follows:

raxml-ng --model GTR+G6+FO+IO --msa /home/azhukova/projects/HIV1-CRF19_Cuba/data/datasets/D_CRF_19/aln.first.cleaned.fa --msa-format FASTA --data-type DNA --seed 239 --threads 4 --force --tree pars{5}

Analysis options:
  run mode: ML tree search
  start tree(s): parsimony (5)
  random seed: 239
  tip-inner: OFF
  pattern compression: ON
  per-rate scalers: OFF
  site repeats: ON
  fast spr radius: AUTO
  spr subtree cutoff: 1.000000
  branch lengths: proportional (ML estimate, algorithm: NR-FAST)
  SIMD kernels: AVX2
  parallelization: PTHREADS (4 threads), thread pinning: OFF

WARNING: Running in FORCE mode: all safety checks are disabled!

[00:00:00] Reading alignment from file: /home/azhukova/projects/HIV1-CRF19_Cuba/data/datasets/D_CRF_19/aln.first.cleaned.fa
[00:00:00] Loaded alignment with 391 taxa and 3907 sites

Alignment comprises 1 partitions and 2504 patterns

Partition 0: noname
Model: GTR+FO+I+G6m
Alignment sites / patterns: 3907 / 2504
Gaps: 54.18 %
Invariant sites: 38.57 %


NOTE: Binary MSA file created: /home/azhukova/projects/HIV1-CRF19_Cuba/data/datasets/D_CRF_19/aln.first.cleaned.fa.raxml.rba

[00:00:00] Generating 5 parsimony starting tree(s) with 391 taxa
[00:00:01] Data distribution: max. partitions/sites/weight per thread: 1 / 626 / 15024

Starting ML tree search with 5 distinct starting trees

[00:00:01 -115848.232973] Initial branch length optimization
[00:00:01 -105338.778034] Model parameter optimization (eps = 10.000000)
[00:00:13 -98421.110342] AUTODETECT spr round 1 (radius: 5)
[00:00:23 -97829.900385] AUTODETECT spr round 2 (radius: 10)
[00:00:41 -97744.871819] AUTODETECT spr round 3 (radius: 15)
[00:01:12 -97744.870844] SPR radius for FAST iterations: 10 (autodetect)
[00:01:12 -97744.870844] Model parameter optimization (eps = 3.000000)
[00:01:13 -97743.380802] FAST spr round 1 (radius: 10)
[00:01:37 -97593.698033] FAST spr round 2 (radius: 10)
[00:01:57 -97565.044714] FAST spr round 3 (radius: 10)
[00:02:15 -97558.618563] FAST spr round 4 (radius: 10)
[00:02:32 -97555.943919] FAST spr round 5 (radius: 10)
[00:02:47 -97554.753854] FAST spr round 6 (radius: 10)
[00:03:17 -97553.827851] FAST spr round 7 (radius: 10)
[00:04:12 -97553.058617] FAST spr round 8 (radius: 10)
[00:04:28 -97552.863692] FAST spr round 9 (radius: 10)
[00:04:43 -97552.761435] FAST spr round 10 (radius: 10)
[00:04:57 -97552.474435] FAST spr round 11 (radius: 10)
[00:05:12 -97552.472696] Model parameter optimization (eps = 1.000000)
[00:05:14 -97550.712721] SLOW spr round 1 (radius: 5)
[00:05:53 -97541.296600] SLOW spr round 2 (radius: 5)
[00:06:49 -97529.844778] SLOW spr round 3 (radius: 5)
[00:07:57 -97528.943192] SLOW spr round 4 (radius: 5)
[00:08:23 -97528.909407] SLOW spr round 5 (radius: 10)
[00:08:49 -97516.708227] SLOW spr round 6 (radius: 5)
[00:10:46 -97509.543442] SLOW spr round 7 (radius: 5)
[00:11:22 -97509.496590] SLOW spr round 8 (radius: 10)
[00:11:52 -97509.494786] SLOW spr round 9 (radius: 15)
[00:13:42 -97509.494327] SLOW spr round 10 (radius: 20)
[00:16:40 -97504.944993] SLOW spr round 11 (radius: 5)
[00:17:26 -97504.079076] SLOW spr round 12 (radius: 5)
[00:19:22 -97502.699768] SLOW spr round 13 (radius: 5)
[00:20:06 -97502.698962] SLOW spr round 14 (radius: 10)
[00:21:27 -97502.698776] SLOW spr round 15 (radius: 15)
[00:22:13 -97502.698703] SLOW spr round 16 (radius: 20)
[00:25:13 -97502.698673] SLOW spr round 17 (radius: 25)
[00:28:40 -97502.698660] Model parameter optimization (eps = 0.100000)

[00:28:49] ML tree search #1, logLikelihood: -97502.292464

[00:28:49 -115959.645794] Initial branch length optimization
[00:28:55 -105344.122429] Model parameter optimization (eps = 10.000000)
[00:29:34 -98391.424652] AUTODETECT spr round 1 (radius: 5)
[00:29:48 -97791.092479] AUTODETECT spr round 2 (radius: 10)
[00:30:08 -97717.522502] AUTODETECT spr round 3 (radius: 15)
[00:30:39 -97717.489176] SPR radius for FAST iterations: 10 (autodetect)
[00:30:39 -97717.489176] Model parameter optimization (eps = 3.000000)
[00:30:42 -97712.607418] FAST spr round 1 (radius: 10)
[00:31:58 -97588.639619] FAST spr round 2 (radius: 10)
[00:32:21 -97562.293352] FAST spr round 3 (radius: 10)
[00:32:41 -97557.158351] FAST spr round 4 (radius: 10)
[00:32:59 -97555.309181] FAST spr round 5 (radius: 10)
[00:33:18 -97551.830555] FAST spr round 6 (radius: 10)
[00:34:36 -97550.972136] FAST spr round 7 (radius: 10)
[00:34:51 -97550.933837] Model parameter optimization (eps = 1.000000)
[00:34:52 -97550.474861] SLOW spr round 1 (radius: 5)
[00:35:34 -97529.741334] SLOW spr round 2 (radius: 5)
[00:36:17 -97525.242721] SLOW spr round 3 (radius: 5)
[00:37:50 -97525.242111] SLOW spr round 4 (radius: 10)
[00:38:18 -97524.783477] SLOW spr round 5 (radius: 5)
[00:40:14 -97523.904246] SLOW spr round 6 (radius: 5)
[00:40:51 -97522.467487] SLOW spr round 7 (radius: 5)
[00:41:21 -97522.467176] SLOW spr round 8 (radius: 10)
[00:43:02 -97518.000118] SLOW spr round 9 (radius: 5)
[00:43:47 -97507.539569] SLOW spr round 10 (radius: 5)
[00:45:47 -97499.293742] SLOW spr round 11 (radius: 5)
[00:46:16 -97499.115756] SLOW spr round 12 (radius: 5)
[00:47:26 -97499.114587] SLOW spr round 13 (radius: 10)
[00:48:26 -97499.114216] SLOW spr round 14 (radius: 15)
[00:49:44 -97499.114098] SLOW spr round 15 (radius: 20)
[00:52:10 -97499.114060] SLOW spr round 16 (radius: 25)
[00:55:32 -97499.114047] Model parameter optimization (eps = 0.100000)

[00:55:40] ML tree search #2, logLikelihood: -97498.154570

[00:55:40 -115731.575673] Initial branch length optimization
[00:55:46 -105414.613363] Model parameter optimization (eps = 10.000000)
[00:56:28 -98410.708931] AUTODETECT spr round 1 (radius: 5)
[00:57:05 -97695.127327] AUTODETECT spr round 2 (radius: 10)
[00:57:28 -97662.703596] AUTODETECT spr round 3 (radius: 15)
[00:58:02 -97662.703208] SPR radius for FAST iterations: 10 (autodetect)
[00:58:02 -97662.703208] Model parameter optimization (eps = 3.000000)
[00:58:04 -97661.051524] FAST spr round 1 (radius: 10)
[00:58:30 -97582.982285] FAST spr round 2 (radius: 10)
[00:59:00 -97560.771142] FAST spr round 3 (radius: 10)

RAxML-NG v. 0.9.0 released on 20.05.2019 by The Exelixis Lab.
Developed by: Alexey M. Kozlov and Alexandros Stamatakis.
Contributors: Diego Darriba, Tomas Flouri, Benoit Morel, Sarah Lutteropp, Ben Bettisworth.
Latest version: https://github.com/amkozlov/raxml-ng
Questions/problems/suggestions? Please visit: https://groups.google.com/forum/#!forum/raxml

RAxML-NG was called at 18-Jan-2021 17:01:43 as follows:

raxml-ng --model GTR+G6+FO+IO --msa /home/azhukova/projects/HIV1-CRF19_Cuba/data/datasets/D_CRF_19/aln.first.cleaned.fa --msa-format FASTA --data-type DNA --seed 239 --threads 4 --force --tree pars{5}

Analysis options:
  run mode: ML tree search
  start tree(s): parsimony (5)
  random seed: 239
  tip-inner: OFF
  pattern compression: ON
  per-rate scalers: OFF
  site repeats: ON
  fast spr radius: AUTO
  spr subtree cutoff: 1.000000
  branch lengths: proportional (ML estimate, algorithm: NR-FAST)
  SIMD kernels: AVX2
  parallelization: PTHREADS (4 threads), thread pinning: OFF

WARNING: Running in FORCE mode: all safety checks are disabled!

WARNING: The model you specified on the command line (GTR+G6+FO+IO) will be ignored 
         since the binary MSA file already contains a model definition.
         If you want to change the model, please re-run RAxML-NG 
         with the original PHYLIP/FASTA alignment and --redo option.

[00:00:00] Loading binary alignment from file: /home/azhukova/projects/HIV1-CRF19_Cuba/data/datasets/D_CRF_19/aln.first.cleaned.fa.raxml.rba
[00:00:00] Alignment comprises 391 taxa, 1 partitions and 2504 patterns

Partition 0: noname
Model: GTR+FO+I+G6m
Alignment sites / patterns: 3907 / 2504
Gaps: 54.18 %
Invariant sites: 38.57 %


[00:00:00] NOTE: Resuming execution from checkpoint (logLH: -97560.77, ML trees: 2, bootstraps: 0)
[00:00:00] Data distribution: max. partitions/sites/weight per thread: 1 / 626 / 15024

Starting ML tree search with 5 distinct starting trees

[00:00:00 -97560.771142] SPR radius for FAST iterations: 10 (autodetect)
[00:00:00 -97560.771142] FAST spr round 3 (radius: 10)
[00:00:15 -97553.178735] FAST spr round 4 (radius: 10)
[00:00:31 -97552.069647] FAST spr round 5 (radius: 10)
[00:00:46 -97551.659506] FAST spr round 6 (radius: 10)
[00:01:01 -97550.310693] FAST spr round 7 (radius: 10)
[00:01:16 -97549.926132] FAST spr round 8 (radius: 10)
[00:01:32 -97543.040481] FAST spr round 9 (radius: 10)
[00:01:47 -97540.079278] FAST spr round 10 (radius: 10)
[00:02:06 -97537.961417] FAST spr round 11 (radius: 10)
[02:03:25 -97537.725915] FAST spr round 12 (radius: 10)
[02:03:46 -97537.588414] FAST spr round 13 (radius: 10)
[02:04:08 -97537.556404] Model parameter optimization (eps = 1.000000)
[02:04:12 -97535.944683] SLOW spr round 1 (radius: 5)
[02:05:04 -97519.500112] SLOW spr round 2 (radius: 5)
[02:05:47 -97518.360324] SLOW spr round 3 (radius: 5)
[02:06:26 -97518.359993] SLOW spr round 4 (radius: 10)
[02:07:03 -97516.087907] SLOW spr round 5 (radius: 5)
[02:07:54 -97516.087030] SLOW spr round 6 (radius: 10)
[02:08:38 -97516.086907] SLOW spr round 7 (radius: 15)
[02:09:49 -97516.086875] SLOW spr round 8 (radius: 20)
[02:12:00 -97516.086866] SLOW spr round 9 (radius: 25)
[02:13:44 -97516.086864] Model parameter optimization (eps = 0.100000)

[02:13:48] ML tree search #3, logLikelihood: -97515.458186

[02:13:48 -115630.939841] Initial branch length optimization
[02:13:49 -105426.500768] Model parameter optimization (eps = 10.000000)
[02:14:01 -98457.996894] AUTODETECT spr round 1 (radius: 5)
[02:14:19 -97799.433123] AUTODETECT spr round 2 (radius: 10)
[02:14:47 -97658.573193] AUTODETECT spr round 3 (radius: 15)
[02:15:18 -97658.565048] SPR radius for FAST iterations: 10 (autodetect)
[02:15:18 -97658.565048] Model parameter optimization (eps = 3.000000)
[02:15:20 -97656.774440] FAST spr round 1 (radius: 10)
[02:15:43 -97575.908773] FAST spr round 2 (radius: 10)
[02:16:01 -97558.098751] FAST spr round 3 (radius: 10)
[02:16:16 -97557.651722] FAST spr round 4 (radius: 10)
[02:16:32 -97555.137038] FAST spr round 5 (radius: 10)
[02:16:47 -97549.926802] FAST spr round 6 (radius: 10)
[02:17:03 -97546.534521] FAST spr round 7 (radius: 10)
[02:17:18 -97545.633705] FAST spr round 8 (radius: 10)
[02:17:32 -97545.629321] Model parameter optimization (eps = 1.000000)
[02:17:33 -97544.681435] SLOW spr round 1 (radius: 5)
[02:18:11 -97519.298875] SLOW spr round 2 (radius: 5)
[02:18:45 -97509.660961] SLOW spr round 3 (radius: 5)
[02:19:15 -97509.544690] SLOW spr round 4 (radius: 5)
[02:19:44 -97509.544550] SLOW spr round 5 (radius: 10)
[02:20:10 -97509.101903] SLOW spr round 6 (radius: 5)
[02:20:51 -97509.101598] SLOW spr round 7 (radius: 10)
[02:21:22 -97509.101506] SLOW spr round 8 (radius: 15)
[02:22:11 -97508.859317] SLOW spr round 9 (radius: 5)
[02:22:54 -97507.750410] SLOW spr round 10 (radius: 5)
[02:23:29 -97503.762589] SLOW spr round 11 (radius: 5)
[02:23:59 -97503.762433] SLOW spr round 12 (radius: 10)
[02:24:31 -97503.762382] SLOW spr round 13 (radius: 15)
[02:25:24 -97502.952784] SLOW spr round 14 (radius: 5)
[02:26:07 -97502.721489] SLOW spr round 15 (radius: 5)
[02:26:41 -97502.721434] SLOW spr round 16 (radius: 10)
[02:27:09 -97502.721415] SLOW spr round 17 (radius: 15)
[02:27:59 -97502.721408] SLOW spr round 18 (radius: 20)
[02:29:39 -97502.721405] SLOW spr round 19 (radius: 25)
[02:31:23 -97502.721404] Model parameter optimization (eps = 0.100000)

[02:31:29] ML tree search #4, logLikelihood: -97501.461341

[02:31:29 -115945.415688] Initial branch length optimization
[02:31:30 -105166.784247] Model parameter optimization (eps = 10.000000)
[02:31:43 -98254.098699] AUTODETECT spr round 1 (radius: 5)
[02:31:52 -97676.772640] AUTODETECT spr round 2 (radius: 10)
[02:32:10 -97643.806207] AUTODETECT spr round 3 (radius: 15)
[02:32:41 -97640.310679] AUTODETECT spr round 4 (radius: 20)
[02:33:25 -97640.297200] SPR radius for FAST iterations: 15 (autodetect)
[02:33:25 -97640.297200] Model parameter optimization (eps = 3.000000)
[02:33:28 -97634.701683] FAST spr round 1 (radius: 15)
[02:33:57 -97553.631983] FAST spr round 2 (radius: 15)
[02:34:22 -97539.722573] FAST spr round 3 (radius: 15)
[02:34:40 -97535.552451] FAST spr round 4 (radius: 15)
[02:34:55 -97534.166516] FAST spr round 5 (radius: 15)
[02:35:10 -97532.997516] FAST spr round 6 (radius: 15)
[02:35:24 -97531.882153] FAST spr round 7 (radius: 15)
[02:35:39 -97531.667679] FAST spr round 8 (radius: 15)
[02:35:53 -97531.540532] FAST spr round 9 (radius: 15)
[02:36:06 -97531.540383] Model parameter optimization (eps = 1.000000)
[02:36:12 -97528.281040] SLOW spr round 1 (radius: 5)
[02:36:51 -97504.393821] SLOW spr round 2 (radius: 5)
[02:37:22 -97496.648071] SLOW spr round 3 (radius: 5)
[02:37:52 -97494.384816] SLOW spr round 4 (radius: 5)
[02:38:19 -97494.383886] SLOW spr round 5 (radius: 10)
[02:38:45 -97485.367442] SLOW spr round 6 (radius: 5)
[02:39:28 -97483.398428] SLOW spr round 7 (radius: 5)
[02:40:01 -97482.534392] SLOW spr round 8 (radius: 5)
[02:40:31 -97482.533184] SLOW spr round 9 (radius: 10)
[02:40:56 -97482.533163] SLOW spr round 10 (radius: 15)
[02:41:52 -97482.533156] SLOW spr round 11 (radius: 20)
[02:43:28 -97482.533153] SLOW spr round 12 (radius: 25)
[02:45:14 -97482.533152] Model parameter optimization (eps = 0.100000)

[02:45:19] ML tree search #5, logLikelihood: -97481.816645


Optimized model parameters:

   Partition 0: noname
   Rate heterogeneity: GAMMA (6 cats, mean),  alpha: 0.572006 (ML),  weights&rates: (0.166667,0.022980) (0.166667,0.136907) (0.166667,0.355722) (0.166667,0.722555) (0.166667,1.378453) (0.166667,3.383383) 
   P-inv (ML): 0.256328
   Base frequencies (ML): 0.404042 0.179414 0.218610 0.197934 
   Substitution rates (ML): 1.359112 4.709723 0.748707 0.741274 6.376002 1.000000 


Final LogLikelihood: -97481.816645

AIC score: 196541.633290 / AICc score: 196941.575542 / BIC score: 201489.077590
Free parameters (model + branch lengths): 789

Best ML tree saved to: /home/azhukova/projects/HIV1-CRF19_Cuba/data/datasets/D_CRF_19/aln.first.cleaned.fa.raxml.bestTree
All ML trees saved to: /home/azhukova/projects/HIV1-CRF19_Cuba/data/datasets/D_CRF_19/aln.first.cleaned.fa.raxml.mlTrees
Optimized model saved to: /home/azhukova/projects/HIV1-CRF19_Cuba/data/datasets/D_CRF_19/aln.first.cleaned.fa.raxml.bestModel

Execution log saved to: /home/azhukova/projects/HIV1-CRF19_Cuba/data/datasets/D_CRF_19/aln.first.cleaned.fa.raxml.log

Analysis started: 18-Jan-2021 17:01:43 / finished: 18-Jan-2021 19:47:03

Elapsed time: 9919.630 seconds (this run) / 13459.881 seconds (total with restarts)

